<?xml version="1.0" encoding="UTF-8"?>
<!-- Generated by org.testng.reporters.JUnitReportReporter -->
<testsuite name="com.javabykiran.TestCase1" tests="20" time="2.289" ignored="0" failures="0" timestamp="07 Apr 2021 09:53:16 GMT" skipped="0" hostname="Kalyani" errors="1">
  <testcase name="verifySignInHeading" time="0.031" classname="com.javabykiran.TestCase1"/>
  <testcase name="verifyInvalidLoginEntryEmailErrorMessage" time="0.320" classname="com.javabykiran.TestCase1"/>
  <testcase name="verifyCoursesHeading" time="0.034" classname="com.javabykiran.TestCase1"/>
  <testcase name="checkRegisterPgMobileError" time="0.032" classname="com.javabykiran.TestCase1"/>
  <testcase name="checkRegPgUrl" time="0.106" classname="com.javabykiran.TestCase1"/>
  <testcase name="checkUrl" time="0.000" classname="com.javabykiran.TestCase1"/>
  <testcase name="checkLoginSuccessfullyDone" time="0.391" classname="com.javabykiran.TestCase1"/>
  <testcase name="varifyRegisterHeading2" time="0.047" classname="com.javabykiran.TestCase1"/>
  <testcase name="checkRegisterPgEmailError" time="0.027" classname="com.javabykiran.TestCase1"/>
  <testcase name="checkRegisterPgPasswordError" time="0.025" classname="com.javabykiran.TestCase1"/>
  <testcase name="verifyTitle" time="0.015" classname="com.javabykiran.TestCase1"/>
  <testcase name="checkRegisterPgNameError" time="0.427" classname="com.javabykiran.TestCase1"/>
  <testcase name="checkRegisterPgHeading" time="0.023" classname="com.javabykiran.TestCase1"/>
  <testcase name="verifyAlreadyRegisteredMember" time="0.108" classname="com.javabykiran.TestCase1">
    <error type="org.openqa.selenium.NoSuchSessionException" message="invalid session id
Build info: version: &#039;3.9.0&#039;, revision: &#039;698b3178f0&#039;, time: &#039;2018-02-05T14:56:13.134Z&#039;
System info: host: &#039;KALYANI&#039;, ip: &#039;127.0.0.1&#039;, os.name: &#039;Windows 10&#039;, os.arch: &#039;amd64&#039;, os.version: &#039;10.0&#039;, java.version: &#039;1.8.0_281&#039;
Driver info: org.openqa.selenium.chrome.ChromeDriver
Capabilities {acceptInsecureCerts: false, browserName: chrome, browserVersion: 89.0.4389.114, chrome: {chromedriverVersion: 89.0.4389.23 (61b08ee2c5002..., userDataDir: C:\Users\rajat\AppData\Loca...}, goog:chromeOptions: {debuggerAddress: localhost:62159}, javascriptEnabled: true, networkConnectionEnabled: false, pageLoadStrategy: normal, platform: WINDOWS, platformName: WINDOWS, proxy: Proxy(), setWindowRect: true, strictFileInteractability: false, timeouts: {implicit: 0, pageLoad: 300000, script: 30000}, unhandledPromptBehavior: dismiss and notify, webauthn:extension:largeBlob: true, webauthn:virtualAuthenticators: true}
Session ID: 506c31446cab9cd4e981341a0f3bf87d
*** Element info: {Using=partial link text, value=I}">
      <![CDATA[org.openqa.selenium.NoSuchSessionException: invalid session id
Build info: version: '3.9.0', revision: '698b3178f0', time: '2018-02-05T14:56:13.134Z'
System info: host: 'KALYANI', ip: '127.0.0.1', os.name: 'Windows 10', os.arch: 'amd64', os.version: '10.0', java.version: '1.8.0_281'
Driver info: org.openqa.selenium.chrome.ChromeDriver
Capabilities {acceptInsecureCerts: false, browserName: chrome, browserVersion: 89.0.4389.114, chrome: {chromedriverVersion: 89.0.4389.23 (61b08ee2c5002..., userDataDir: C:\Users\rajat\AppData\Loca...}, goog:chromeOptions: {debuggerAddress: localhost:62159}, javascriptEnabled: true, networkConnectionEnabled: false, pageLoadStrategy: normal, platform: WINDOWS, platformName: WINDOWS, proxy: Proxy(), setWindowRect: true, strictFileInteractability: false, timeouts: {implicit: 0, pageLoad: 300000, script: 30000}, unhandledPromptBehavior: dismiss and notify, webauthn:extension:largeBlob: true, webauthn:virtualAuthenticators: true}
Session ID: 506c31446cab9cd4e981341a0f3bf87d
*** Element info: {Using=partial link text, value=I}
	at sun.reflect.NativeConstructorAccessorImpl.newInstance0(Native Method)
	at sun.reflect.NativeConstructorAccessorImpl.newInstance(Unknown Source)
	at sun.reflect.DelegatingConstructorAccessorImpl.newInstance(Unknown Source)
	at java.lang.reflect.Constructor.newInstance(Unknown Source)
	at org.openqa.selenium.remote.http.W3CHttpResponseCodec.createException(W3CHttpResponseCodec.java:187)
	at org.openqa.selenium.remote.http.W3CHttpResponseCodec.decode(W3CHttpResponseCodec.java:122)
	at org.openqa.selenium.remote.http.W3CHttpResponseCodec.decode(W3CHttpResponseCodec.java:49)
	at org.openqa.selenium.remote.HttpCommandExecutor.execute(HttpCommandExecutor.java:160)
	at org.openqa.selenium.remote.service.DriverCommandExecutor.execute(DriverCommandExecutor.java:83)
	at org.openqa.selenium.remote.RemoteWebDriver.execute(RemoteWebDriver.java:601)
	at org.openqa.selenium.remote.RemoteWebDriver.findElement(RemoteWebDriver.java:371)
	at org.openqa.selenium.remote.RemoteWebDriver.findElementByPartialLinkText(RemoteWebDriver.java:433)
	at org.openqa.selenium.By$ByPartialLinkText.findElement(By.java:273)
	at org.openqa.selenium.remote.RemoteWebDriver.findElement(RemoteWebDriver.java:363)
	at com.javabykiran.TestCase1.verifyAlreadyRegisteredMember(TestCase1.java:206)
	at sun.reflect.NativeMethodAccessorImpl.invoke0(Native Method)
	at sun.reflect.NativeMethodAccessorImpl.invoke(Unknown Source)
	at sun.reflect.DelegatingMethodAccessorImpl.invoke(Unknown Source)
	at java.lang.reflect.Method.invoke(Unknown Source)
	at org.testng.internal.MethodInvocationHelper.invokeMethod(MethodInvocationHelper.java:104)
	at org.testng.internal.Invoker.invokeMethod(Invoker.java:645)
	at org.testng.internal.Invoker.invokeTestMethod(Invoker.java:851)
	at org.testng.internal.Invoker.invokeTestMethods(Invoker.java:1177)
	at org.testng.internal.TestMethodWorker.invokeTestMethods(TestMethodWorker.java:129)
	at org.testng.internal.TestMethodWorker.run(TestMethodWorker.java:112)
	at org.testng.TestRunner.privateRun(TestRunner.java:756)
	at org.testng.TestRunner.run(TestRunner.java:610)
	at org.testng.SuiteRunner.runTest(SuiteRunner.java:387)
	at org.testng.SuiteRunner.runSequentially(SuiteRunner.java:382)
	at org.testng.SuiteRunner.privateRun(SuiteRunner.java:340)
	at org.testng.SuiteRunner.run(SuiteRunner.java:289)
	at org.testng.SuiteRunnerWorker.runSuite(SuiteRunnerWorker.java:52)
	at org.testng.SuiteRunnerWorker.run(SuiteRunnerWorker.java:86)
	at org.testng.TestNG.runSuitesSequentially(TestNG.java:1293)
	at org.testng.TestNG.runSuitesLocally(TestNG.java:1218)
	at org.testng.TestNG.runSuites(TestNG.java:1133)
	at org.testng.TestNG.run(TestNG.java:1104)
	at org.testng.remote.AbstractRemoteTestNG.run(AbstractRemoteTestNG.java:132)
	at org.testng.remote.RemoteTestNG.initAndRun(RemoteTestNG.java:236)
	at org.testng.remote.RemoteTestNG.main(RemoteTestNG.java:81)
]]>
    </error>
  </testcase> <!-- verifyAlreadyRegisteredMember -->
  <testcase name="checkLogo" time="0.073" classname="com.javabykiran.TestCase1"/>
  <testcase name="verifyBlankPasswordErrorMsg" time="0.032" classname="com.javabykiran.TestCase1"/>
  <testcase name="verifyInvalidLoginEntryPasswordErrorMessage" time="0.048" classname="com.javabykiran.TestCase1"/>
  <testcase name="checkHeadingJavabykiran" time="0.045" classname="com.javabykiran.TestCase1"/>
  <testcase name="verifyBlankEmailErrorMsg" time="0.345" classname="com.javabykiran.TestCase1"/>
  <testcase name="checkRegistration" time="0.160" classname="com.javabykiran.TestCase1"/>
</testsuite> <!-- com.javabykiran.TestCase1 -->
